<?xml version="1.0" encoding="utf-8"?>
<coverage line-rate="0.7870999999999999" branch-rate="0.7082999999999999" version="1.9" timestamp="1621241388" lines-covered="159" lines-valid="202" branches-covered="17" branches-valid="24">
  <sources>
    <source>/mnt/d/ET Docs/Code/GIT/tech-tests/payment-gateway/src/PaymentGateway/</source>
  </sources>
  <packages>
    <package name="PaymentGateway" line-rate="0.7870999999999999" branch-rate="0.7082999999999999" complexity="35">
      <classes>
        <class name="PaymentGateway.MapperExtentions" filename="MapperExtentions.cs" line-rate="1" branch-rate="1" complexity="1">
          <methods>
            <method name="ToPaymentTransaction" signature="(PaymentGateway.Requests.MakeAPaymentRequest,PaymentGateway.BankPayment.IBankTransactionResponse)" line-rate="1" branch-rate="1" complexity="1">
              <lines>
                <line number="10" hits="1" branch="False" />
                <line number="11" hits="1" branch="False" />
                <line number="12" hits="1" branch="False" />
                <line number="13" hits="1" branch="False" />
                <line number="14" hits="1" branch="False" />
                <line number="15" hits="1" branch="False" />
                <line number="16" hits="1" branch="False" />
                <line number="17" hits="1" branch="False" />
                <line number="18" hits="1" branch="False" />
                <line number="19" hits="1" branch="False" />
                <line number="20" hits="1" branch="False" />
                <line number="21" hits="1" branch="False" />
                <line number="22" hits="1" branch="False" />
                <line number="23" hits="1" branch="False" />
                <line number="24" hits="1" branch="False" />
                <line number="25" hits="1" branch="False" />
                <line number="26" hits="1" branch="False" />
              </lines>
            </method>
          </methods>
          <lines>
            <line number="10" hits="1" branch="False" />
            <line number="11" hits="1" branch="False" />
            <line number="12" hits="1" branch="False" />
            <line number="13" hits="1" branch="False" />
            <line number="14" hits="1" branch="False" />
            <line number="15" hits="1" branch="False" />
            <line number="16" hits="1" branch="False" />
            <line number="17" hits="1" branch="False" />
            <line number="18" hits="1" branch="False" />
            <line number="19" hits="1" branch="False" />
            <line number="20" hits="1" branch="False" />
            <line number="21" hits="1" branch="False" />
            <line number="22" hits="1" branch="False" />
            <line number="23" hits="1" branch="False" />
            <line number="24" hits="1" branch="False" />
            <line number="25" hits="1" branch="False" />
            <line number="26" hits="1" branch="False" />
          </lines>
        </class>
        <class name="PaymentGateway.Validation.CardValidator" filename="Validation/CardValidator.cs" line-rate="1" branch-rate="1" complexity="3">
          <methods>
            <method name="BeAValidDate" signature="(System.String)" line-rate="1" branch-rate="1" complexity="1">
              <lines>
                <line number="41" hits="55" branch="False" />
                <line number="42" hits="55" branch="False" />
                <line number="43" hits="55" branch="False" />
                <line number="45" hits="55" branch="False" />
                <line number="46" hits="55" branch="False" />
                <line number="49" hits="55" branch="False" />
                <line number="51" hits="55" branch="False" />
                <line number="52" hits="55" branch="False" />
                <line number="53" hits="55" branch="False" />
              </lines>
            </method>
            <method name="&lt;.ctor&gt;b__0_3" signature="(System.String)" line-rate="1" branch-rate="1" complexity="1">
              <lines>
                <line number="24" hits="55" branch="False" />
              </lines>
            </method>
            <method name=".ctor" signature="()" line-rate="1" branch-rate="1" complexity="1">
              <lines>
                <line number="10" hits="56" branch="False" />
                <line number="11" hits="56" branch="False" />
                <line number="12" hits="56" branch="False" />
                <line number="13" hits="56" branch="False" />
                <line number="14" hits="56" branch="False" />
                <line number="16" hits="56" branch="False" />
                <line number="17" hits="56" branch="False" />
                <line number="18" hits="56" branch="False" />
                <line number="19" hits="56" branch="False" />
                <line number="20" hits="56" branch="False" />
                <line number="22" hits="56" branch="False" />
                <line number="23" hits="56" branch="False" />
                <line number="25" hits="56" branch="False" />
                <line number="27" hits="56" branch="False" />
                <line number="28" hits="56" branch="False" />
                <line number="29" hits="56" branch="False" />
                <line number="31" hits="56" branch="False" />
                <line number="32" hits="56" branch="False" />
                <line number="33" hits="56" branch="False" />
                <line number="34" hits="56" branch="False" />
                <line number="35" hits="56" branch="False" />
                <line number="36" hits="56" branch="False" />
                <line number="37" hits="56" branch="False" />
                <line number="38" hits="56" branch="False" />
                <line number="55" hits="56" branch="False" />
                <line number="56" hits="56" branch="False" />
                <line number="57" hits="56" branch="False" />
                <line number="58" hits="56" branch="False" />
                <line number="59" hits="56" branch="False" />
                <line number="60" hits="56" branch="False" />
                <line number="61" hits="56" branch="False" />
                <line number="62" hits="56" branch="False" />
              </lines>
            </method>
          </methods>
          <lines>
            <line number="41" hits="55" branch="False" />
            <line number="42" hits="55" branch="False" />
            <line number="43" hits="55" branch="False" />
            <line number="45" hits="55" branch="False" />
            <line number="46" hits="55" branch="False" />
            <line number="49" hits="55" branch="False" />
            <line number="51" hits="55" branch="False" />
            <line number="52" hits="55" branch="False" />
            <line number="53" hits="55" branch="False" />
            <line number="24" hits="55" branch="False" />
            <line number="10" hits="56" branch="False" />
            <line number="11" hits="56" branch="False" />
            <line number="12" hits="56" branch="False" />
            <line number="13" hits="56" branch="False" />
            <line number="14" hits="56" branch="False" />
            <line number="16" hits="56" branch="False" />
            <line number="17" hits="56" branch="False" />
            <line number="18" hits="56" branch="False" />
            <line number="19" hits="56" branch="False" />
            <line number="20" hits="56" branch="False" />
            <line number="22" hits="56" branch="False" />
            <line number="23" hits="56" branch="False" />
            <line number="25" hits="56" branch="False" />
            <line number="27" hits="56" branch="False" />
            <line number="28" hits="56" branch="False" />
            <line number="29" hits="56" branch="False" />
            <line number="31" hits="56" branch="False" />
            <line number="32" hits="56" branch="False" />
            <line number="33" hits="56" branch="False" />
            <line number="34" hits="56" branch="False" />
            <line number="35" hits="56" branch="False" />
            <line number="36" hits="56" branch="False" />
            <line number="37" hits="56" branch="False" />
            <line number="38" hits="56" branch="False" />
            <line number="55" hits="56" branch="False" />
            <line number="56" hits="56" branch="False" />
            <line number="57" hits="56" branch="False" />
            <line number="58" hits="56" branch="False" />
            <line number="59" hits="56" branch="False" />
            <line number="60" hits="56" branch="False" />
            <line number="61" hits="56" branch="False" />
            <line number="62" hits="56" branch="False" />
          </lines>
        </class>
        <class name="PaymentGateway.Validation.MakeAPaymentRequestValidator" filename="Validation/MakeAPaymentRequestValidator.cs" line-rate="1" branch-rate="1" complexity="1">
          <methods>
            <method name=".ctor" signature="()" line-rate="1" branch-rate="1" complexity="1">
              <lines>
                <line number="9" hits="29" branch="False" />
                <line number="10" hits="29" branch="False" />
                <line number="11" hits="29" branch="False" />
                <line number="12" hits="29" branch="False" />
                <line number="13" hits="29" branch="False" />
                <line number="14" hits="29" branch="False" />
                <line number="15" hits="29" branch="False" />
                <line number="17" hits="29" branch="False" />
                <line number="18" hits="29" branch="False" />
                <line number="19" hits="29" branch="False" />
                <line number="20" hits="29" branch="False" />
                <line number="22" hits="29" branch="False" />
                <line number="23" hits="29" branch="False" />
                <line number="24" hits="29" branch="False" />
                <line number="25" hits="29" branch="False" />
                <line number="26" hits="29" branch="False" />
                <line number="28" hits="29" branch="False" />
                <line number="29" hits="29" branch="False" />
                <line number="30" hits="29" branch="False" />
                <line number="31" hits="29" branch="False" />
                <line number="32" hits="29" branch="False" />
                <line number="34" hits="29" branch="False" />
                <line number="35" hits="29" branch="False" />
                <line number="36" hits="29" branch="False" />
                <line number="37" hits="29" branch="False" />
                <line number="38" hits="29" branch="False" />
                <line number="40" hits="29" branch="False" />
                <line number="41" hits="29" branch="False" />
                <line number="42" hits="29" branch="False" />
                <line number="43" hits="29" branch="False" />
                <line number="44" hits="29" branch="False" />
                <line number="45" hits="29" branch="False" />
                <line number="47" hits="29" branch="False" />
                <line number="48" hits="29" branch="False" />
                <line number="49" hits="29" branch="False" />
                <line number="50" hits="29" branch="False" />
              </lines>
            </method>
          </methods>
          <lines>
            <line number="9" hits="29" branch="False" />
            <line number="10" hits="29" branch="False" />
            <line number="11" hits="29" branch="False" />
            <line number="12" hits="29" branch="False" />
            <line number="13" hits="29" branch="False" />
            <line number="14" hits="29" branch="False" />
            <line number="15" hits="29" branch="False" />
            <line number="17" hits="29" branch="False" />
            <line number="18" hits="29" branch="False" />
            <line number="19" hits="29" branch="False" />
            <line number="20" hits="29" branch="False" />
            <line number="22" hits="29" branch="False" />
            <line number="23" hits="29" branch="False" />
            <line number="24" hits="29" branch="False" />
            <line number="25" hits="29" branch="False" />
            <line number="26" hits="29" branch="False" />
            <line number="28" hits="29" branch="False" />
            <line number="29" hits="29" branch="False" />
            <line number="30" hits="29" branch="False" />
            <line number="31" hits="29" branch="False" />
            <line number="32" hits="29" branch="False" />
            <line number="34" hits="29" branch="False" />
            <line number="35" hits="29" branch="False" />
            <line number="36" hits="29" branch="False" />
            <line number="37" hits="29" branch="False" />
            <line number="38" hits="29" branch="False" />
            <line number="40" hits="29" branch="False" />
            <line number="41" hits="29" branch="False" />
            <line number="42" hits="29" branch="False" />
            <line number="43" hits="29" branch="False" />
            <line number="44" hits="29" branch="False" />
            <line number="45" hits="29" branch="False" />
            <line number="47" hits="29" branch="False" />
            <line number="48" hits="29" branch="False" />
            <line number="49" hits="29" branch="False" />
            <line number="50" hits="29" branch="False" />
          </lines>
        </class>
        <class name="PaymentGateway.RequestHandlers.GetTransactionRequestHandler" filename="RequestHandlers/GetTransactionRequestHandler.cs" line-rate="0" branch-rate="1" complexity="1">
          <methods>
            <method name=".ctor" signature="(PaymentGateway.Repository.IPaymentTransactionRepository,PaymentGateway.Masking.IMaskSensitiveData)" line-rate="0" branch-rate="1" complexity="1">
              <lines>
                <line number="16" hits="0" branch="False" />
                <line number="17" hits="0" branch="False" />
                <line number="18" hits="0" branch="False" />
                <line number="19" hits="0" branch="False" />
                <line number="20" hits="0" branch="False" />
              </lines>
            </method>
          </methods>
          <lines>
            <line number="16" hits="0" branch="False" />
            <line number="17" hits="0" branch="False" />
            <line number="18" hits="0" branch="False" />
            <line number="19" hits="0" branch="False" />
            <line number="20" hits="0" branch="False" />
          </lines>
        </class>
        <class name="PaymentGateway.RequestHandlers.GetTransactionRequestHandler/&lt;Handle&gt;d__3" filename="RequestHandlers/GetTransactionRequestHandler.cs" line-rate="0" branch-rate="0" complexity="2">
          <methods>
            <method name="MoveNext" signature="()" line-rate="0" branch-rate="0" complexity="2">
              <lines>
                <line number="23" hits="0" branch="False" />
                <line number="24" hits="0" branch="False" />
                <line number="26" hits="0" branch="True" condition-coverage="0% (0/2)">
                  <conditions>
                    <condition number="162" type="jump" coverage="0%" />
                  </conditions>
                </line>
                <line number="27" hits="0" branch="False" />
                <line number="28" hits="0" branch="False" />
                <line number="29" hits="0" branch="False" />
              </lines>
            </method>
          </methods>
          <lines>
            <line number="23" hits="0" branch="False" />
            <line number="24" hits="0" branch="False" />
            <line number="26" hits="0" branch="True" condition-coverage="0% (0/2)">
              <conditions>
                <condition number="162" type="jump" coverage="0%" />
              </conditions>
            </line>
            <line number="27" hits="0" branch="False" />
            <line number="28" hits="0" branch="False" />
            <line number="29" hits="0" branch="False" />
          </lines>
        </class>
        <class name="PaymentGateway.RequestHandlers.MakeAPaymentRequestHandler" filename="RequestHandlers/MakeAPaymentRequestHandler.cs" line-rate="0" branch-rate="1" complexity="1">
          <methods>
            <method name=".ctor" signature="(PaymentGateway.BankPayment.IMakeBankPaymentAdapter,FluentValidation.IValidator`1&lt;PaymentGateway.Requests.MakeAPaymentRequest&gt;,PaymentGateway.Repository.IPaymentTransactionRepository)" line-rate="0" branch-rate="1" complexity="1">
              <lines>
                <line number="19" hits="0" branch="False" />
                <line number="20" hits="0" branch="False" />
                <line number="21" hits="0" branch="False" />
                <line number="22" hits="0" branch="False" />
                <line number="23" hits="0" branch="False" />
                <line number="24" hits="0" branch="False" />
                <line number="25" hits="0" branch="False" />
                <line number="26" hits="0" branch="False" />
                <line number="27" hits="0" branch="False" />
              </lines>
            </method>
          </methods>
          <lines>
            <line number="19" hits="0" branch="False" />
            <line number="20" hits="0" branch="False" />
            <line number="21" hits="0" branch="False" />
            <line number="22" hits="0" branch="False" />
            <line number="23" hits="0" branch="False" />
            <line number="24" hits="0" branch="False" />
            <line number="25" hits="0" branch="False" />
            <line number="26" hits="0" branch="False" />
            <line number="27" hits="0" branch="False" />
          </lines>
        </class>
        <class name="PaymentGateway.RequestHandlers.MakeAPaymentRequestHandler/&lt;Handle&gt;d__4" filename="RequestHandlers/MakeAPaymentRequestHandler.cs" line-rate="0" branch-rate="0" complexity="2">
          <methods>
            <method name="MoveNext" signature="()" line-rate="0" branch-rate="0" complexity="2">
              <lines>
                <line number="30" hits="0" branch="False" />
                <line number="31" hits="0" branch="False" />
                <line number="32" hits="0" branch="False" />
                <line number="33" hits="0" branch="False" />
                <line number="35" hits="0" branch="False" />
                <line number="37" hits="0" branch="True" condition-coverage="0% (0/2)">
                  <conditions>
                    <condition number="367" type="jump" coverage="0%" />
                  </conditions>
                </line>
                <line number="38" hits="0" branch="False" />
                <line number="39" hits="0" branch="False" />
                <line number="40" hits="0" branch="False" />
                <line number="41" hits="0" branch="False" />
                <line number="42" hits="0" branch="False" />
                <line number="43" hits="0" branch="False" />
                <line number="44" hits="0" branch="False" />
                <line number="47" hits="0" branch="False" />
                <line number="49" hits="0" branch="False" />
                <line number="51" hits="0" branch="False" />
                <line number="53" hits="0" branch="False" />
                <line number="54" hits="0" branch="False" />
                <line number="55" hits="0" branch="False" />
                <line number="56" hits="0" branch="False" />
                <line number="57" hits="0" branch="False" />
                <line number="58" hits="0" branch="False" />
                <line number="60" hits="0" branch="False" />
              </lines>
            </method>
          </methods>
          <lines>
            <line number="30" hits="0" branch="False" />
            <line number="31" hits="0" branch="False" />
            <line number="32" hits="0" branch="False" />
            <line number="33" hits="0" branch="False" />
            <line number="35" hits="0" branch="False" />
            <line number="37" hits="0" branch="True" condition-coverage="0% (0/2)">
              <conditions>
                <condition number="367" type="jump" coverage="0%" />
              </conditions>
            </line>
            <line number="38" hits="0" branch="False" />
            <line number="39" hits="0" branch="False" />
            <line number="40" hits="0" branch="False" />
            <line number="41" hits="0" branch="False" />
            <line number="42" hits="0" branch="False" />
            <line number="43" hits="0" branch="False" />
            <line number="44" hits="0" branch="False" />
            <line number="47" hits="0" branch="False" />
            <line number="49" hits="0" branch="False" />
            <line number="51" hits="0" branch="False" />
            <line number="53" hits="0" branch="False" />
            <line number="54" hits="0" branch="False" />
            <line number="55" hits="0" branch="False" />
            <line number="56" hits="0" branch="False" />
            <line number="57" hits="0" branch="False" />
            <line number="58" hits="0" branch="False" />
            <line number="60" hits="0" branch="False" />
          </lines>
        </class>
        <class name="PaymentGateway.Repository.InMemoryPaymentTransactionRepository" filename="Repository/InMemoryPaymentTransactionRepository.cs" line-rate="1" branch-rate="1" complexity="15">
          <methods>
            <method name="GetPaymentTransaction" signature="(System.Guid)" line-rate="1" branch-rate="1" complexity="1">
              <lines>
                <line number="25" hits="7" branch="False" />
                <line number="26" hits="7" branch="False" />
                <line number="27" hits="7" branch="False" />
                <line number="28" hits="17" branch="False" />
                <line number="29" hits="7" branch="False" />
              </lines>
            </method>
            <method name="GetPaymentTransaction" signature="(PaymentGateway.Requests.MakeAPaymentRequest)" line-rate="1" branch-rate="1" complexity="12">
              <lines>
                <line number="32" hits="2" branch="False" />
                <line number="33" hits="2" branch="False" />
                <line number="34" hits="2" branch="False" />
                <line number="35" hits="2" branch="True" condition-coverage="100% (12/12)">
                  <conditions>
                    <condition number="22" type="jump" coverage="100%" />
                    <condition number="49" type="jump" coverage="100%" />
                    <condition number="73" type="jump" coverage="100%" />
                    <condition number="97" type="jump" coverage="100%" />
                    <condition number="116" type="jump" coverage="100%" />
                    <condition number="140" type="jump" coverage="100%" />
                  </conditions>
                </line>
                <line number="36" hits="2" branch="False" />
                <line number="37" hits="2" branch="False" />
                <line number="38" hits="2" branch="False" />
                <line number="39" hits="2" branch="False" />
                <line number="40" hits="2" branch="False" />
                <line number="41" hits="2" branch="False" />
                <line number="42" hits="2" branch="False" />
                <line number="43" hits="2" branch="False" />
              </lines>
            </method>
            <method name="SeedTestData" signature="()" line-rate="1" branch-rate="1" complexity="1">
              <lines>
                <line number="68" hits="6" branch="False" />
                <line number="69" hits="6" branch="False" />
                <line number="70" hits="6" branch="False" />
                <line number="71" hits="6" branch="False" />
                <line number="72" hits="6" branch="False" />
                <line number="73" hits="6" branch="False" />
                <line number="74" hits="6" branch="False" />
                <line number="75" hits="6" branch="False" />
                <line number="76" hits="6" branch="False" />
                <line number="77" hits="6" branch="False" />
                <line number="78" hits="6" branch="False" />
                <line number="79" hits="6" branch="False" />
                <line number="80" hits="6" branch="False" />
                <line number="81" hits="6" branch="False" />
                <line number="82" hits="6" branch="False" />
                <line number="83" hits="6" branch="False" />
                <line number="84" hits="6" branch="False" />
                <line number="85" hits="6" branch="False" />
                <line number="86" hits="6" branch="False" />
                <line number="87" hits="6" branch="False" />
                <line number="88" hits="6" branch="False" />
                <line number="89" hits="6" branch="False" />
                <line number="90" hits="6" branch="False" />
              </lines>
            </method>
            <method name=".ctor" signature="()" line-rate="1" branch-rate="1" complexity="1">
              <lines>
                <line number="16" hits="6" branch="False" />
                <line number="17" hits="6" branch="False" />
                <line number="18" hits="6" branch="False" />
                <line number="19" hits="6" branch="False" />
                <line number="21" hits="6" branch="False" />
                <line number="22" hits="6" branch="False" />
              </lines>
            </method>
          </methods>
          <lines>
            <line number="25" hits="7" branch="False" />
            <line number="26" hits="7" branch="False" />
            <line number="27" hits="7" branch="False" />
            <line number="28" hits="17" branch="False" />
            <line number="29" hits="7" branch="False" />
            <line number="32" hits="2" branch="False" />
            <line number="33" hits="2" branch="False" />
            <line number="34" hits="2" branch="False" />
            <line number="35" hits="2" branch="True" condition-coverage="100% (12/12)">
              <conditions>
                <condition number="22" type="jump" coverage="100%" />
                <condition number="49" type="jump" coverage="100%" />
                <condition number="73" type="jump" coverage="100%" />
                <condition number="97" type="jump" coverage="100%" />
                <condition number="116" type="jump" coverage="100%" />
                <condition number="140" type="jump" coverage="100%" />
              </conditions>
            </line>
            <line number="36" hits="2" branch="False" />
            <line number="37" hits="2" branch="False" />
            <line number="38" hits="2" branch="False" />
            <line number="39" hits="2" branch="False" />
            <line number="40" hits="2" branch="False" />
            <line number="41" hits="2" branch="False" />
            <line number="42" hits="2" branch="False" />
            <line number="43" hits="2" branch="False" />
            <line number="68" hits="6" branch="False" />
            <line number="69" hits="6" branch="False" />
            <line number="70" hits="6" branch="False" />
            <line number="71" hits="6" branch="False" />
            <line number="72" hits="6" branch="False" />
            <line number="73" hits="6" branch="False" />
            <line number="74" hits="6" branch="False" />
            <line number="75" hits="6" branch="False" />
            <line number="76" hits="6" branch="False" />
            <line number="77" hits="6" branch="False" />
            <line number="78" hits="6" branch="False" />
            <line number="79" hits="6" branch="False" />
            <line number="80" hits="6" branch="False" />
            <line number="81" hits="6" branch="False" />
            <line number="82" hits="6" branch="False" />
            <line number="83" hits="6" branch="False" />
            <line number="84" hits="6" branch="False" />
            <line number="85" hits="6" branch="False" />
            <line number="86" hits="6" branch="False" />
            <line number="87" hits="6" branch="False" />
            <line number="88" hits="6" branch="False" />
            <line number="89" hits="6" branch="False" />
            <line number="90" hits="6" branch="False" />
            <line number="16" hits="6" branch="False" />
            <line number="17" hits="6" branch="False" />
            <line number="18" hits="6" branch="False" />
            <line number="19" hits="6" branch="False" />
            <line number="21" hits="6" branch="False" />
            <line number="22" hits="6" branch="False" />
          </lines>
        </class>
        <class name="PaymentGateway.Repository.InMemoryPaymentTransactionRepository/&lt;&gt;c__DisplayClass5_0" filename="Repository/InMemoryPaymentTransactionRepository.cs" line-rate="1" branch-rate="1" complexity="1">
          <methods>
            <method name="&lt;SaveAsync&gt;b__0" signature="()" line-rate="1" branch-rate="1" complexity="1">
              <lines>
                <line number="63" hits="2" branch="False" />
              </lines>
            </method>
          </methods>
          <lines>
            <line number="63" hits="2" branch="False" />
          </lines>
        </class>
        <class name="PaymentGateway.Repository.InMemoryPaymentTransactionRepository/&lt;SaveAsync&gt;d__5" filename="Repository/InMemoryPaymentTransactionRepository.cs" line-rate="1" branch-rate="1" complexity="2">
          <methods>
            <method name="MoveNext" signature="()" line-rate="1" branch-rate="1" complexity="2">
              <lines>
                <line number="51" hits="3" branch="False" />
                <line number="52" hits="3" branch="False" />
                <line number="54" hits="3" branch="True" condition-coverage="100% (2/2)">
                  <conditions>
                    <condition number="226" type="jump" coverage="100%" />
                  </conditions>
                </line>
                <line number="55" hits="1" branch="False" />
                <line number="56" hits="1" branch="False" />
                <line number="57" hits="1" branch="False" />
                <line number="60" hits="2" branch="False" />
                <line number="62" hits="2" branch="False" />
                <line number="64" hits="2" branch="False" />
                <line number="65" hits="3" branch="False" />
              </lines>
            </method>
          </methods>
          <lines>
            <line number="51" hits="3" branch="False" />
            <line number="52" hits="3" branch="False" />
            <line number="54" hits="3" branch="True" condition-coverage="100% (2/2)">
              <conditions>
                <condition number="226" type="jump" coverage="100%" />
              </conditions>
            </line>
            <line number="55" hits="1" branch="False" />
            <line number="56" hits="1" branch="False" />
            <line number="57" hits="1" branch="False" />
            <line number="60" hits="2" branch="False" />
            <line number="62" hits="2" branch="False" />
            <line number="64" hits="2" branch="False" />
            <line number="65" hits="3" branch="False" />
          </lines>
        </class>
        <class name="PaymentGateway.Masking.MaskSensitiveData" filename="Masking/MaskSensitiveData.cs" line-rate="1" branch-rate="0.5" complexity="6">
          <methods>
            <method name="Mask" signature="(PaymentGateway.Models.PaymentTransaction)" line-rate="1" branch-rate="0.5" complexity="6">
              <lines>
                <line number="8" hits="1" branch="False" />
                <line number="9" hits="1" branch="True" condition-coverage="50% (3/6)">
                  <conditions>
                    <condition number="2" type="jump" coverage="50%" />
                    <condition number="14" type="jump" coverage="50%" />
                    <condition number="26" type="jump" coverage="50%" />
                  </conditions>
                </line>
                <line number="11" hits="1" branch="False" />
                <line number="13" hits="1" branch="False" />
                <line number="15" hits="1" branch="False" />
                <line number="17" hits="1" branch="False" />
                <line number="18" hits="1" branch="False" />
              </lines>
            </method>
          </methods>
          <lines>
            <line number="8" hits="1" branch="False" />
            <line number="9" hits="1" branch="True" condition-coverage="50% (3/6)">
              <conditions>
                <condition number="2" type="jump" coverage="50%" />
                <condition number="14" type="jump" coverage="50%" />
                <condition number="26" type="jump" coverage="50%" />
              </conditions>
            </line>
            <line number="11" hits="1" branch="False" />
            <line number="13" hits="1" branch="False" />
            <line number="15" hits="1" branch="False" />
            <line number="17" hits="1" branch="False" />
            <line number="18" hits="1" branch="False" />
          </lines>
        </class>
      </classes>
    </package>
  </packages>
</coverage>